app/manifest-merger-release-report.txt
-- Merging decision tree log ---
manifest
ADDED from AndroidManifest.xml:2:1
	xmlns:android
		ADDED from AndroidManifest.xml:2:11
	package
		ADDED from AndroidManifest.xml:3:5
		INJECTED from AndroidManifest.xml:0:0
		INJECTED from AndroidManifest.xml:0:0
	android:versionName
		INJECTED from AndroidManifest.xml:0:0
		INJECTED from AndroidManifest.xml:0:0
	android:versionCode
		INJECTED from AndroidManifest.xml:0:0
		INJECTED from AndroidManifest.xml:0:0
uses-permission#android.permission.INTERNET
ADDED from AndroidManifest.xml:6:5
	android:name
		ADDED from AndroidManifest.xml:6:22
uses-permission#android.permission.ACCESS_NETWORK_STATE
ADDED from AndroidManifest.xml:9:5
	android:name
		ADDED from AndroidManifest.xml:9:22
uses-permission#android.permission.READ_SYNC_SETTINGS
ADDED from AndroidManifest.xml:12:5
	android:name
		ADDED from AndroidManifest.xml:13:9
uses-permission#android.permission.WRITE_SYNC_SETTINGS
ADDED from AndroidManifest.xml:14:5
	android:name
		ADDED from AndroidManifest.xml:15:9
uses-permission#android.permission.AUTHENTICATE_ACCOUNTS
ADDED from AndroidManifest.xml:16:5
	android:name
		ADDED from AndroidManifest.xml:17:9
application
ADDED from AndroidManifest.xml:19:5
MERGED from com.android.support:appcompat-v7:22.2.0:22:5
MERGED from com.android.support:support-v4:22.2.0:22:5
MERGED from com.android.support:support-v4:22.2.0:22:5
	android:supportsRtl
		ADDED from AndroidManifest.xml:22:9
	android:label
		ADDED from AndroidManifest.xml:23:9
	android:allowBackup
		ADDED from AndroidManifest.xml:20:9
	android:icon
		ADDED from AndroidManifest.xml:21:9
	android:theme
		ADDED from AndroidManifest.xml:24:9
activity#com.kobi.metalsexchange.app.MainActivity
ADDED from AndroidManifest.xml:25:9
	android:label
		ADDED from AndroidManifest.xml:28:13
	android:name
		ADDED from AndroidManifest.xml:26:13
intent-filter#android.intent.action.MAIN+android.intent.category.LAUNCHER
ADDED from AndroidManifest.xml:29:13
action#android.intent.action.MAIN
ADDED from AndroidManifest.xml:30:17
	android:name
		ADDED from AndroidManifest.xml:30:25
category#android.intent.category.LAUNCHER
ADDED from AndroidManifest.xml:31:17
	android:name
		ADDED from AndroidManifest.xml:31:27
activity#com.kobi.metalsexchange.app.DetailActivity
ADDED from AndroidManifest.xml:34:9
	android:label
		ADDED from AndroidManifest.xml:36:13
	android:theme
		ADDED from AndroidManifest.xml:37:13
	android:parentActivityName
		ADDED from AndroidManifest.xml:38:13
	android:name
		ADDED from AndroidManifest.xml:35:13
meta-data#android.support.PARENT_ACTIVITY
ADDED from AndroidManifest.xml:39:13
	android:name
		ADDED from AndroidManifest.xml:40:17
	android:value
		ADDED from AndroidManifest.xml:41:17
activity#com.kobi.metalsexchange.app.SettingsActivity
ADDED from AndroidManifest.xml:43:9
	android:label
		ADDED from AndroidManifest.xml:45:13
	android:theme
		ADDED from AndroidManifest.xml:47:13
	android:parentActivityName
		ADDED from AndroidManifest.xml:46:13
	android:name
		ADDED from AndroidManifest.xml:44:13
provider#com.kobi.metalsexchange.app.data.MetalsProvider
ADDED from AndroidManifest.xml:52:9
	android:syncable
		ADDED from AndroidManifest.xml:56:13
	android:exported
		ADDED from AndroidManifest.xml:55:13
	android:authorities
		ADDED from AndroidManifest.xml:53:13
	android:name
		ADDED from AndroidManifest.xml:54:13
service#com.kobi.metalsexchange.app.sync.MetalsExchangeAuthenticatorService
ADDED from AndroidManifest.xml:59:9
	android:name
		ADDED from AndroidManifest.xml:59:18
intent-filter#android.accounts.AccountAuthenticator
ADDED from AndroidManifest.xml:60:13
action#android.accounts.AccountAuthenticator
ADDED from AndroidManifest.xml:61:17
	android:name
		ADDED from AndroidManifest.xml:61:25
meta-data#android.accounts.AccountAuthenticator
ADDED from AndroidManifest.xml:63:13
	android:resource
		ADDED from AndroidManifest.xml:65:17
	android:name
		ADDED from AndroidManifest.xml:64:17
service#com.kobi.metalsexchange.app.sync.MetalsExchangeSyncService
ADDED from AndroidManifest.xml:69:9
	android:exported
		ADDED from AndroidManifest.xml:71:13
	android:name
		ADDED from AndroidManifest.xml:70:13
intent-filter#android.content.SyncAdapter
ADDED from AndroidManifest.xml:73:13
action#android.content.SyncAdapter
ADDED from AndroidManifest.xml:74:17
	android:name
		ADDED from AndroidManifest.xml:74:25
meta-data#android.content.SyncAdapter
ADDED from AndroidManifest.xml:76:13
	android:resource
		ADDED from AndroidManifest.xml:78:17
	android:name
		ADDED from AndroidManifest.xml:77:17
uses-sdk
INJECTED from AndroidManifest.xml:0:0 reason: use-sdk injection requested
MERGED from com.android.support:appcompat-v7:22.2.0:20:5
MERGED from com.android.support:support-v4:22.2.0:20:5
MERGED from com.android.support:support-v4:22.2.0:20:5
	android:targetSdkVersion
		INJECTED from AndroidManifest.xml:0:0
		INJECTED from AndroidManifest.xml:0:0
	android:minSdkVersion
		INJECTED from AndroidManifest.xml:0:0
		INJECTED from AndroidManifest.xml:0:0